
 *******************************************************************************

         NASA-GLENN CHEMICAL EQUILIBRIUM PROGRAM CEA2, MAY 21, 2004
                   BY  BONNIE MCBRIDE AND SANFORD GORDON
      REFS: NASA RP-1311, PART I, 1994 AND NASA RP-1311, PART II, 1996

 *******************************************************************************



 prob
 rocket equilibrium frozen nfz=2
 o/f 2.300000
 p,bar 20.000000
 pip 20.000000
 reac
  fuel Jet-A(L) wt%=100 t,k=298.15
  oxid O2(L) wt%=100 t,k=90.17
 output transport
 output short
 output trace=1e-5
 plot p pi/p o/f isp ivac aeat cf t
 end






              THEORETICAL ROCKET PERFORMANCE ASSUMING EQUILIBRIUM

           COMPOSITION DURING EXPANSION FROM INFINITE AREA COMBUSTOR

 Pin =   290.1 PSIA
 CASE =                

             REACTANT                    WT FRACTION      ENERGY      TEMP
                                          (SEE NOTE)     KJ/KG-MOL      K  
 FUEL        Jet-A(L)                     1.0000000   -303403.000    298.150
 OXIDANT     O2(L)                        1.0000000    -12979.000     90.170

 O/F=    2.30000  %FUEL= 30.303030  R,EQ.RATIO= 1.475977  PHI,EQ.RATIO= 1.475977

                 CHAMBER   THROAT     EXIT
 Pinf/P            1.0000   1.7337   20.000
 P, BAR            20.000   11.536   1.0000
 T, K             3424.81  3245.86  2457.51
 RHO, KG/CU M    1.5547 0 9.5876-1 1.1426-1
 H, KJ/KG         -832.21 -1516.93 -4050.89
 U, KJ/KG        -2118.68 -2720.15 -4926.06
 G, KJ/KG        -41812.0 -40355.6 -33456.5
 S, KJ/(KG)(K)    11.9656  11.9656  11.9656

 M, (1/n)          22.135   22.430   23.347
 (dLV/dLP)t      -1.03278 -1.02602 -1.00329
 (dLV/dLT)p        1.5952   1.4989   1.0807
 Cp, KJ/(KG)(K)    6.1743   5.6511   2.7352
 GAMMAs            1.1390   1.1381   1.1748
 SON VEL,M/SEC     1210.5   1170.2   1014.0
 MACH NUMBER        0.000    1.000    2.502

 TRANSPORT PROPERTIES (GASES ONLY)
   CONDUCTIVITY IN UNITS OF MILLIWATTS/(CM)(K)

 VISC,MILLIPOISE   1.0511   1.0128  0.83371

  WITH EQUILIBRIUM REACTIONS

 Cp, KJ/(KG)(K)    6.1743   5.6511   2.7352
 CONDUCTIVITY     14.5791  12.8742   4.7869
 PRANDTL NUMBER    0.4451   0.4446   0.4764

  WITH FROZEN REACTIONS

 Cp, KJ/(KG)(K)    2.0703   2.0602   1.9938
 CONDUCTIVITY      3.4862   3.3131   2.5562
 PRANDTL NUMBER    0.6242   0.6298   0.6503

 PERFORMANCE PARAMETERS

 Ae/At                      1.0000   3.8701
 CSTAR, M/SEC               1782.6   1782.6
 CF                         0.6565   1.4233
 Ivac, M/SEC                2198.4   2882.1
 Isp, M/SEC                 1170.2   2537.2


 MOLE FRACTIONS

 *CO             3.6747-1 3.6491-1 3.5230-1
 *CO2            1.1359-1 1.2256-1 1.5514-1
 *H              3.8312-2 3.2278-2 7.5297-3
 HCO             1.4624-5 8.1966-6 3.9893-7
 HO2             2.6496-5 1.4138-5 1.1614-7
 *H2             1.1889-1 1.1882-1 1.3071-1
 H2O             3.0008-1 3.1404-1 3.4962-1
 *O              8.0253-3 5.4383-3 1.5077-4
 *OH             4.5760-2 3.6314-2 4.3810-3
 *O2             7.8189-3 5.6014-3 1.6597-4

  * THERMODYNAMIC PROPERTIES FITTED TO 20000.K

 NOTE. WEIGHT FRACTION OF FUEL IN TOTAL FUELS AND OF OXIDANT IN TOTAL OXIDANTS





           THEORETICAL ROCKET PERFORMANCE ASSUMING FROZEN COMPOSITION
                                 AFTER POINT 2

 Pin =   290.1 PSIA
 CASE =                

             REACTANT                    WT FRACTION      ENERGY      TEMP
                                          (SEE NOTE)     KJ/KG-MOL      K  
 FUEL        Jet-A(L)                     1.0000000   -303403.000    298.150
 OXIDANT     O2(L)                        1.0000000    -12979.000     90.170

 O/F=    2.30000  %FUEL= 30.303030  R,EQ.RATIO= 1.475977  PHI,EQ.RATIO= 1.475977

                 CHAMBER   THROAT     EXIT
 Pinf/P            1.0000   1.7337   20.000
 P, BAR            20.000   11.536   1.0000
 T, K             3424.81  3245.86  2064.02
 RHO, KG/CU M    1.5547 0 9.5876-1 1.3070-1
 H, KJ/KG         -832.21 -1516.93 -3888.87
 U, KJ/KG        -2118.68 -2720.15 -4653.99
 G, KJ/KG        -41812.0 -40355.6 -28586.1
 S, KJ/(KG)(K)    11.9656  11.9656  11.9656

 M, (1/n)          22.135   22.430   22.430
 Cp, KJ/(KG)(K)    6.1743   5.6511   1.9367
 GAMMAs            1.1390   1.1381   1.2367
 SON VEL,M/SEC     1210.5   1170.2    972.7
 MACH NUMBER        0.000    1.000    2.542

 TRANSPORT PROPERTIES (GASES ONLY)
   CONDUCTIVITY IN UNITS OF MILLIWATTS/(CM)(K)

 VISC,MILLIPOISE   1.0511   1.0128  0.72972

  WITH FROZEN REACTIONS

 Cp, KJ/(KG)(K)    2.0703   2.0602   1.9367
 CONDUCTIVITY      3.4862   3.3131   2.1757
 PRANDTL NUMBER    0.6242   0.6298   0.6495

 PERFORMANCE PARAMETERS

 Ae/At                      1.0000   3.4719
 CSTAR, M/SEC               1782.6   1782.6
 CF                         0.6565   1.3870
 Ivac, M/SEC                2198.4   2782.0
 Isp, M/SEC                 1170.2   2472.5

 MOLE FRACTIONS

 *CO             0.36491   *CO2            0.12256   *H              0.03228
 HO2             0.00001   *H2             0.11882   H2O             0.31404
 *O              0.00544   *OH             0.03631   *O2             0.00560

  * THERMODYNAMIC PROPERTIES FITTED TO 20000.K

 NOTE. WEIGHT FRACTION OF FUEL IN TOTAL FUELS AND OF OXIDANT IN TOTAL OXIDANTS



